Arguments: 
  C:\Program Files\nodejs\node.exe C:\Users\disha\AppData\Roaming\npm\node_modules\yarn\bin\yarn.js start

PATH: 
  C:\Program Files\Common Files\Oracle\Java\javapath;C:\Program Files\Python39\Scripts\;C:\Program Files\Python39\;C:\WINDOWS\system32;C:\WINDOWS;C:\WINDOWS\System32\Wbem;C:\WINDOWS\System32\WindowsPowerShell\v1.0\;C:\WINDOWS\System32\OpenSSH\;C:\MinGW\bin;C:\Program Files\Microsoft SQL Server\Client SDK\ODBC\170\Tools\Binn\;C:\Program Files (x86)\Microsoft SQL Server\150\Tools\Binn\;C:\Program Files\Microsoft SQL Server\150\Tools\Binn\;C:\Program Files\Microsoft SQL Server\150\DTS\Binn\;C:\Program Files (x86)\Microsoft SQL Server\150\DTS\Binn\;C:\Program Files\Azure Data Studio\bin;C:\Program Files\Git\cmd;C:\Program Files\Git\mingw64\bin;C:\Program Files\Git\usr\bin;C:\Program Files\nodejs;C:\Program Files\nodejs\;C:\Program Files\MongoDB\Server\7.0\bin;C:\Program Files\MongoDB\mongosh-2.1.1-win32-x64\bin;C:\Program Files\HP\HP One Agent;C:\Users\disha\Downloads\stripe_1.19.4_windows_x86_64;C:\Users\disha\AppData\Local\Programs\Python\Python312\Scripts\;C:\Users\disha\AppData\Local\Programs\Python\Python312\;C:\Users\disha\AppData\Local\Programs\Eclipse Adoptium\jdk-17.0.5.8-hotspot\bin;C:\Users\disha\AppData\Local\Programs\Python\Python311\Scripts\;C:\Users\disha\AppData\Local\Programs\Python\Python311\;C:\Program Files\MySQL\MySQL Shell 8.0\bin\;C:\Users\disha\AppData\Local\Microsoft\WindowsApps;C:\Program Files\JetBrains\PyCharm Community Edition 2021.2.3\bin;C:\Users\disha\AppData\Local\atom\bin;C:\Users\disha\AppData\Local\GitHubDesktop\bin;C:\Program Files\Azure Data Studio\bin;C:\Users\disha\AppData\Local\Microsoft\WindowsApps;C:\Users\disha\Downloads\flutter_windows_3.3.10-stable\flutter\bin;C:\Users\disha\AppData\Local\Programs\Microsoft VS Code\bin;C:\Users\disha\OneDrive\Desktop\New folder\IntelliJ IDEA Community Edition 2022.3.1\bin;C:\ProgramData\disha\gitkraken\bin;C:\Users\disha\AppData\Roaming\npm

Yarn version: 
  1.22.19

Node version: 
  20.9.0

Platform: 
  win32 x64

Trace: 
  SyntaxError: C:\Users\disha\Downloads\investmentinsights\capstone\package.json: Unexpected end of JSON input
      at JSON.parse (<anonymous>)
      at C:\Users\disha\AppData\Roaming\npm\node_modules\yarn\lib\cli.js:1629:59
      at Generator.next (<anonymous>)
      at step (C:\Users\disha\AppData\Roaming\npm\node_modules\yarn\lib\cli.js:310:30)
      at C:\Users\disha\AppData\Roaming\npm\node_modules\yarn\lib\cli.js:321:13

npm manifest: 
  

yarn manifest: 
  No manifest

Lockfile: 
  No lockfile
